WallpaperApp/androidBuild/unityLibrary/build/intermediates/manifest_merge_blame_file/debug/manifest-merger-blame-debug-report.txt
1<?xml version="1.0" encoding="utf-8"?>
2<manifest xmlns:android="http://schemas.android.com/apk/res/android"
3    xmlns:tools="http://schemas.android.com/tools"
4    package="com.unity3d.player" >
5
6    <uses-sdk
7        android:minSdkVersion="22"
7-->src\main\AndroidManifest.xml
8        android:targetSdkVersion="31" />
8-->src\main\AndroidManifest.xml
9
10    <uses-feature android:glEsVersion="0x00030000" />
10-->src\main\AndroidManifest.xml:13:3-52
10-->src\main\AndroidManifest.xml:13:17-49
11    <uses-feature
11-->src\main\AndroidManifest.xml:14:3-91
12        android:name="android.hardware.vulkan.version"
12-->src\main\AndroidManifest.xml:14:17-63
13        android:required="false" />
13-->src\main\AndroidManifest.xml:14:64-88
14
15    <uses-permission android:name="android.permission.INTERNET" />
15-->src\main\AndroidManifest.xml:15:3-65
15-->src\main\AndroidManifest.xml:15:20-62
16
17    <uses-feature
17-->src\main\AndroidManifest.xml:16:3-88
18        android:name="android.hardware.touchscreen"
18-->src\main\AndroidManifest.xml:16:17-60
19        android:required="false" />
19-->src\main\AndroidManifest.xml:16:61-85
20    <uses-feature
20-->src\main\AndroidManifest.xml:17:3-99
21        android:name="android.hardware.touchscreen.multitouch"
21-->src\main\AndroidManifest.xml:17:17-71
22        android:required="false" />
22-->src\main\AndroidManifest.xml:17:72-96
23    <uses-feature
23-->src\main\AndroidManifest.xml:18:3-108
24        android:name="android.hardware.touchscreen.multitouch.distinct"
24-->src\main\AndroidManifest.xml:18:17-80
25        android:required="false" />
25-->src\main\AndroidManifest.xml:18:81-105
26
27    <application android:extractNativeLibs="true" >
27-->src\main\AndroidManifest.xml:3:3-12:17
27-->src\main\AndroidManifest.xml:3:16-48
28        <activity
28-->src\main\AndroidManifest.xml:4:5-6:16
29            android:name="com.phezu.wallpaper.OverrideUnityActivity"
29-->src\main\AndroidManifest.xml:4:15-71
30            android:exported="true"
30-->src\main\AndroidManifest.xml:4:114-137
31            android:theme="@style/UnityThemeSelector" >
31-->src\main\AndroidManifest.xml:4:72-113
32            <meta-data
32-->src\main\AndroidManifest.xml:5:7-78
33                android:name="android.notch_support"
33-->src\main\AndroidManifest.xml:5:18-54
34                android:value="true" />
34-->src\main\AndroidManifest.xml:5:55-75
35        </activity>
36
37        <meta-data
37-->src\main\AndroidManifest.xml:7:5-69
38            android:name="unity.splash-mode"
38-->src\main\AndroidManifest.xml:7:16-48
39            android:value="0" />
39-->src\main\AndroidManifest.xml:7:49-66
40        <meta-data
40-->src\main\AndroidManifest.xml:8:5-74
41            android:name="unity.splash-enable"
41-->src\main\AndroidManifest.xml:8:16-50
42            android:value="True" />
42-->src\main\AndroidManifest.xml:8:51-71
43        <meta-data
43-->src\main\AndroidManifest.xml:9:5-78
44            android:name="unity.launch-fullscreen"
44-->src\main\AndroidManifest.xml:9:16-54
45            android:value="True" />
45-->src\main\AndroidManifest.xml:9:55-75
46        <meta-data
46-->src\main\AndroidManifest.xml:10:5-84
47            android:name="unity.allow-resizable-window"
47-->src\main\AndroidManifest.xml:10:16-59
48            android:value="False" />
48-->src\main\AndroidManifest.xml:10:60-81
49        <meta-data
49-->src\main\AndroidManifest.xml:11:5-81
50            android:name="notch.config"
50-->src\main\AndroidManifest.xml:11:16-43
51            android:value="portrait|landscape" />
51-->src\main\AndroidManifest.xml:11:44-78
52    </application>
53
54</manifest>